C51 COMPILER V9.60.0.0   DOORLOOC                                                          09/23/2020 23:35:10 PAGE 1   


C51 COMPILER V9.60.0.0, COMPILATION OF MODULE DOORLOOC
OBJECT MODULE PLACED IN .\Objects\doorlooc.obj
COMPILER INVOKED BY: C:\Keil_v5\C51\BIN\C51.EXE doorlooc.c OPTIMIZE(8,SPEED) BROWSE DEBUG OBJECTEXTEND PRINT(.\Listings\
                    -doorlooc.lst) TABS(2) OBJECT(.\Objects\doorlooc.obj)

line level    source

   1          // password based door lock system in 8051 microprocessor
   2          
   3          #include <reg51.h>
   4          // keypad rows
   5          sbit keyrow1=P2^0;
   6          sbit keyrow2=P2^1;
   7          sbit keyrow3=P2^2;
   8          sbit keyrow4=P2^3;
   9          //keypad column
  10          sbit keycolumn1=P3^0;
  11          sbit keycolumn2=P3^1;
  12          sbit keycolumn3=P3^2;
  13          
  14          // motor pins
  15          sbit motorpin1=P3^3;
  16          sbit motorpin2=P3^4;
  17          
  18          // led pins
  19          sbit rs=P3^5;
  20          sbit rw=P3^6;
  21          sbit en=P3^7;
  22          
  23          //functions
  24          void lcdcmd(unsigned char);
  25          void lcddat(unsigned char);
  26          void lcddisplay(unsigned char *q);
  27          char keypad();
  28          void check();
  29          void delay(unsigned int);
  30          unsigned char pin[] = {"12345"};
  31          unsigned char Epin[5];
  32          
  33          // main function
  34          void main()
  35          {
  36   1          lcdcmd(0x0F);   //decimal value: 15
  37   1          lcdcmd(0x38);   //decimal value: 56
  38   1          lcdcmd(0x01);   //decimal value: 1
  39   1      
  40   1          while (1)
  41   1          {
  42   2              unsigned int i = 0;
  43   2              lcdcmd(0x80);   //decimal value: 128
  44   2              lcddisplay("ENTER PIN NUMBER");
  45   2              delay(1000);
  46   2              lcdcmd(0xc0);   //decimal value: 192
  47   2              while (pin[i] != '\0')
  48   2              {
  49   3                  Epin[i] = keypad();
  50   3                  delay(1000);
  51   3                  i++;
  52   3              }
  53   2              check();
  54   2          }
C51 COMPILER V9.60.0.0   DOORLOOC                                                          09/23/2020 23:35:10 PAGE 2   

  55   1      }
  56          
  57          //delay function
  58          void delay(unsigned int j)
  59          {
  60   1          int a, b;
  61   1          for (a = 0; a < j; a++)
  62   1          {
  63   2              for (b = 0; b < 10; b++);
  64   2          }
  65   1      }
  66          
  67          // lcd commands functions
  68          void lcdcmd(unsigned char A)
  69          {
  70   1          P1 = A;
  71   1          rs = 0;
  72   1          rw = 0;
  73   1          en = 1;
  74   1          delay(1000);
  75   1          en = 0;
  76   1      }
  77          
  78          //lcd data function
  79          
  80          void lcddat(unsigned char i)
  81          {
  82   1          P1 = i;
  83   1          rs = 1;
  84   1          rw = 0;
  85   1          en = 1;
  86   1          delay(1000);
  87   1          en = 0;
  88   1      }
  89          
  90          //lcd display charecters
  91          
  92          void lcddisplay(unsigned char *q)
  93          {
  94   1          int k;
  95   1          for (k = 0; q[k]!='\0'; k++)
  96   1          {
  97   2              lcddat(q[k]);
  98   2          }
  99   1          delay(10000);
 100   1      }
 101          
 102          // keypad char functions
 103          
 104          char keypad()
 105          {
 106   1          int x = 0;
 107   1          while (x == 0)
 108   1          {
 109   2              // first row
 110   2              keyrow1 = 0;
 111   2              keyrow2 = 1;
 112   2              keyrow3 = 1;
 113   2              keyrow4 = 1;
 114   2              if (keycolumn1 == 0)
 115   2              {
 116   3                  lcddat('*');
C51 COMPILER V9.60.0.0   DOORLOOC                                                          09/23/2020 23:35:10 PAGE 3   

 117   3                  delay(1000);
 118   3                  x = 1;
 119   3                  return '1';
 120   3              }
 121   2              if (keycolumn2 == 0)
 122   2              {
 123   3                  lcddat('*');
 124   3                  delay(1000);
 125   3                  x = 1;
 126   3                  return '2';
 127   3              }
 128   2              if (keycolumn3 == 0)
 129   2              {
 130   3                  lcddat('*');
 131   3                  delay(1000);
 132   3                  x = 1;
 133   3                  return '3';
 134   3              }
 135   2              // second row
 136   2              keyrow1 = 1;
 137   2              keyrow2 = 0;
 138   2              keyrow3 = 1;
 139   2              keyrow4 = 1;
 140   2      
 141   2              if (keycolumn1 == 0)
 142   2              {
 143   3                  lcddat('*');
 144   3                  delay(1000);
 145   3                  x = 1;
 146   3                  return '4';
 147   3              }
 148   2              if (keycolumn2 == 0)
 149   2              {
 150   3                  lcddat('*');
 151   3                  delay(1000);
 152   3                  x = 1;
 153   3                  return '5';
 154   3              }
 155   2              if (keycolumn3 == 0)
 156   2              {
 157   3                  lcddat('*');
 158   3                  delay(1000);
 159   3                  x = 1;
 160   3                  return '6';
 161   3              }
 162   2      
 163   2              // third row
 164   2              keyrow1 = 1;
 165   2              keyrow2 = 1;
 166   2              keyrow3 = 0;
 167   2              keyrow4 = 1;
 168   2              if (keycolumn1 == 0)
 169   2              {
 170   3                  lcddat('*');
 171   3                  delay(1000);
 172   3                  x = 1;
 173   3                  return '7';
 174   3              }
 175   2              if (keycolumn2 == 0)
 176   2              {
 177   3                  lcddat('*');
 178   3                  delay(1000);
C51 COMPILER V9.60.0.0   DOORLOOC                                                          09/23/2020 23:35:10 PAGE 4   

 179   3                  x = 1;
 180   3                  return '8';
 181   3              }
 182   2              if (keycolumn3 == 0)
 183   2              {
 184   3                  lcddat('*');
 185   3                  delay(1000);
 186   3                  x = 1;
 187   3                  return '9';
 188   3              }
 189   2      
 190   2              // forth row
 191   2              keyrow1 = 1;
 192   2              keyrow2 = 1;
 193   2              keyrow3 = 1;
 194   2              keyrow4 = 0;
 195   2      
 196   2              if (keycolumn1 == 0)
 197   2              {
 198   3                  lcddat('*');
 199   3                  delay(1000);
 200   3                  x = 1;
 201   3                  return '*';
 202   3              }
 203   2              if (keycolumn2 == 0)
 204   2              {
 205   3                  lcddat('*');
 206   3                  delay(1000);
 207   3                  x = 1;
 208   3                  return '0';
 209   3              }
 210   2              if (keycolumn3 == 0)
 211   2              {
 212   3                  lcddat('*');
 213   3                  delay(1000);
 214   3                  x = 1;
 215   3                  return '#';
 216   3              }
 217   2          }
 218   1      }
 219          
 220          // password check function
 221          
 222          void check()
 223          {
 224   1          if (pin[0] == Epin[0] && pin[1] == Epin[1] && pin[2] == Epin[2] && pin[3] == Epin[3] && pin[4] == Epin
             -[4])
 225   1          {
 226   2              delay(1000);
 227   2              lcdcmd(0x01);  //decimal value: 1
 228   2              lcdcmd(0x81);  //decimal value: 129
 229   2              lcddisplay("PIN CORRECT");
 230   2              delay(1000);
 231   2              motorpin1 = 1;
 232   2              motorpin2 = 0;
 233   2              lcdcmd(0xc1);     //decimal value: 193
 234   2              lcddisplay("DOOR OPENED");
 235   2              delay(10000);
 236   2              motorpin1 = 1;
 237   2              motorpin2 = 0;
 238   2              lcdcmd(0x01);    //decimal value: 1
 239   2          }
C51 COMPILER V9.60.0.0   DOORLOOC                                                          09/23/2020 23:35:10 PAGE 5   

 240   1          else
 241   1          {
 242   2              lcdcmd(0x01);   //decimal value: 1
 243   2              lcdcmd(0x80);   //decimal value: 128
 244   2              lcddisplay("WRONG PIN");
 245   2              delay(1000);
 246   2              lcdcmd(0x01);     //decimal value: 1
 247   2          }
 248   1      }
*** WARNING C291 IN LINE 218 OF doorlooc.c: not every exit path returns a value


MODULE INFORMATION:   STATIC OVERLAYABLE
   CODE SIZE        =    463    ----
   CONSTANT SIZE    =     51    ----
   XDATA SIZE       =   ----    ----
   PDATA SIZE       =   ----    ----
   DATA SIZE        =     11       7
   IDATA SIZE       =   ----    ----
   BIT SIZE         =   ----    ----
END OF MODULE INFORMATION.


C51 COMPILATION COMPLETE.  1 WARNING(S),  0 ERROR(S)
